[2024-12-09 09:14:54,917|ALO|INFO|utils.py(79)|_log_process()] --------------------     Start setting-up ALO source code into the memory..
[2024-12-09 09:14:54,919|ALO|INFO|utils.py(79)|_log_process()] --------------------     Finish setting-up ALO source code
[2024-12-09 09:14:54,921|ALO|INFO|utils.py(79)|_log_process()] --------------------     Start ALO library installation
[2024-12-09 09:14:54,927|ALO|MSG|alo.py(505)|_set_alolib()] alolib already exists in local path.

[2024-12-09 09:14:58,801|ALO|MSG|alo.py(518)|_set_alolib()] Success installing alolib requirements.txt
[2024-12-09 09:14:58,803|ALO|MSG|alo.py(519)|_set_alolib()] Requirement already satisfied: pyyaml==6.0.1 in /home/jovyan/.local/share/virtualenvs/env-XiqWVXKH/lib/python3.10/site-packages (from -r /home/jovyan/과제/실직속/fcst_simul/fcst_0914/alolib/requirements.txt (line 1)) (6.0.1)
Requirement already satisfied: pytz==2021.3 in /home/jovyan/.local/share/virtualenvs/env-XiqWVXKH/lib/python3.10/site-packages (from -r /home/jovyan/과제/실직속/fcst_simul/fcst_0914/alolib/requirements.txt (line 2)) (2021.3)
Requirement already satisfied: psutil==5.9.5 in /home/jovyan/.local/share/virtualenvs/env-XiqWVXKH/lib/python3.10/site-packages (from -r /home/jovyan/과제/실직속/fcst_simul/fcst_0914/alolib/requirements.txt (line 3)) (5.9.5)
Requirement already satisfied: requests==2.31.0 in /home/jovyan/.local/share/virtualenvs/env-XiqWVXKH/lib/python3.10/site-packages (from -r /home/jovyan/과제/실직속/fcst_simul/fcst_0914/alolib/requirements.txt (line 4)) (2.31.0)
Requirement already satisfied: colorama==0.4.6 in /home/jovyan/.local/share/virtualenvs/env-XiqWVXKH/lib/python3.10/site-packages (from -r /home/jovyan/과제/실직속/fcst_simul/fcst_0914/alolib/requirements.txt (line 5)) (0.4.6)
Requirement already satisfied: memory-profiler==0.61.0 in /home/jovyan/.local/share/virtualenvs/env-XiqWVXKH/lib/python3.10/site-packages (from -r /home/jovyan/과제/실직속/fcst_simul/fcst_0914/alolib/requirements.txt (line 6)) (0.61.0)
Requirement already satisfied: charset-normalizer<4,>=2 in /home/jovyan/.local/share/virtualenvs/env-XiqWVXKH/lib/python3.10/site-packages (from requests==2.31.0->-r /home/jovyan/과제/실직속/fcst_simul/fcst_0914/alolib/requirements.txt (line 4)) (3.3.2)
Requirement already satisfied: idna<4,>=2.5 in /home/jovyan/.local/share/virtualenvs/env-XiqWVXKH/lib/python3.10/site-packages (from requests==2.31.0->-r /home/jovyan/과제/실직속/fcst_simul/fcst_0914/alolib/requirements.txt (line 4)) (2.10)
Requirement already satisfied: urllib3<3,>=1.21.1 in /home/jovyan/.local/share/virtualenvs/env-XiqWVXKH/lib/python3.10/site-packages (from requests==2.31.0->-r /home/jovyan/과제/실직속/fcst_simul/fcst_0914/alolib/requirements.txt (line 4)) (1.26.20)
Requirement already satisfied: certifi>=2017.4.17 in /home/jovyan/.local/share/virtualenvs/env-XiqWVXKH/lib/python3.10/site-packages (from requests==2.31.0->-r /home/jovyan/과제/실직속/fcst_simul/fcst_0914/alolib/requirements.txt (line 4)) (2024.2.2)

[2024-12-09 09:14:58,805|ALO|INFO|utils.py(79)|_log_process()] --------------------     Finish ALO library installation
[2024-12-09 09:14:58,807|ALO|INFO|utils.py(79)|_log_process()] --------------------     Check ALO version
[2024-12-09 09:14:58,810|ALO|MSG|alo.py(542)|_get_alo_version()] ALO version = v2.5.2
[2024-12-09 09:14:58,812|ALO|INFO|utils.py(79)|_log_process()] --------------------     Finish ALO version check
[2024-12-09 09:14:58,814|ALO|INFO|utils.py(79)|_log_process()] --------------------     Start loading solution-metadata
[2024-12-09 09:14:58,816|ALO|MSG|alo.py(647)|load_solution_metadata()] Solution metadata file name not entered. Skip updating solution metadata into experimental_plan.
[2024-12-09 09:14:58,819|ALO|INFO|utils.py(79)|_log_process()] --------------------     Load & update experimental_plan
[2024-12-09 09:14:58,822|ALO|MSG|yaml.py(158)|read_yaml()] Start to read experimental plan yaml (& update by solution meta)
[2024-12-09 09:14:58,824|ALO|MSG|yaml.py(163)|read_yaml()] Successfully loaded << experimental_plan.yaml >> (file: /home/jovyan/과제/실직속/fcst_simul/fcst_0914/solution/experimental_plan.yaml)
[2024-12-09 09:14:58,860|ALO|WARNING|yaml.py(319)|_set_default_control()] experimental_plan.yaml control - check_resource not found. Set it default value : False
[2024-12-09 09:14:58,862|ALO|WARNING|yaml.py(319)|_set_default_control()] experimental_plan.yaml control - save_inference_format not found. Set it default value : tar.gz
[2024-12-09 09:14:58,864|ALO|INFO|utils.py(79)|_log_process()] --------------------     Finish loading & updating experimental_plan
[2024-12-09 09:14:58,867|ALO|INFO|utils.py(79)|_log_process()] --------------------     Setup ALO system environments
[2024-12-09 09:14:58,869|ALO|MSG|alo.py(628)|_set_system_envs()] system_envs: {'redis_list_instance': None, 'redis_pubsub_instance': None, 'alo_version': 'v2.5.2', 'experimental_start_time': '20241209T091458Z', 'solution_metadata': {}, 'experimental_plan_path': '/home/jovyan/과제/실직속/fcst_simul/fcst_0914/solution/experimental_plan.yaml', 'experimental_name': 'fcst_simulation', 'experimental_version': '1.0.0', 'solution_metadata_version': None, 'q_inference_summary': None, 'q_inference_artifacts': None, 'redis_host': None, 'redis_port': None, 'redis_db_number': None, 'inference_result_datatype': None, 'train_datatype': None, 'pipeline_mode': 'all', 'runs_status': 'init', 'boot_on': False, 'loop': False, 'start_time': '241209_091458', 'pipeline_list': ['train_pipeline', 'inference_pipeline']}
[2024-12-09 09:14:58,871|ALO|INFO|utils.py(79)|_log_process()] --------------------     Finish ALO system environments setup
[2024-12-09 09:14:58,885|ALO|INFO|utils.py(79)|_log_process()] --------------------     Current pipeline: train_pipeline
[2024-12-09 09:14:58,888|ALO|INFO|utils.py(77)|_log_process()] 
----------------------------------------------------------------------------------------------------------------------
                                        << SETUP >> train_pipeline start
----------------------------------------------------------------------------------------------------------------------

[2024-12-09 09:14:58,937|ALO|MSG|pipeline.py(792)|_empty_artifacts()] Successfully emptied << /home/jovyan/과제/실직속/fcst_simul/fcst_0914/train_artifacts/models >> 
[2024-12-09 09:14:58,941|ALO|MSG|pipeline.py(792)|_empty_artifacts()] Successfully emptied << /home/jovyan/과제/실직속/fcst_simul/fcst_0914/train_artifacts/extra_output >> 
[2024-12-09 09:14:58,945|ALO|MSG|pipeline.py(792)|_empty_artifacts()] Successfully emptied << /home/jovyan/과제/실직속/fcst_simul/fcst_0914/train_artifacts/report >> 
[2024-12-09 09:14:58,949|ALO|MSG|pipeline.py(792)|_empty_artifacts()] Successfully emptied << /home/jovyan/과제/실직속/fcst_simul/fcst_0914/train_artifacts/score >> 
[2024-12-09 09:14:58,953|ALO|MSG|pipeline.py(792)|_empty_artifacts()] Successfully emptied << /home/jovyan/과제/실직속/fcst_simul/fcst_0914/train_artifacts/output >> 
[2024-12-09 09:14:58,956|ALO|MSG|pipeline.py(865)|_install_asset()] Start setting-up << train >> asset @ << assets >> directory.
[2024-12-09 09:14:58,959|ALO|MSG|pipeline.py(894)|_install_asset()] << train >> asset had already been created at 2024-12-06 13:46:16.269316
[2024-12-09 09:14:58,962|ALO|MSG|install.py(57)|_install_packages()] ======================================== Start dependency installation : << train >> 
[2024-12-09 09:14:58,965|ALO|MSG|install.py(59)|_install_packages()] Start checking existence & installing package - pandas==1.5.3 | Progress: ( 1 / 15 total packages ) 
[2024-12-09 09:14:58,968|ALO|MSG|install.py(82)|_install_packages()] [OK] << pandas==1.5.3 >> already exists
[2024-12-09 09:14:58,971|ALO|MSG|install.py(59)|_install_packages()] Start checking existence & installing package - numpy==1.26.4 | Progress: ( 2 / 15 total packages ) 
[2024-12-09 09:14:58,973|ALO|MSG|install.py(82)|_install_packages()] [OK] << numpy==1.26.4 >> already exists
[2024-12-09 09:14:58,976|ALO|MSG|install.py(59)|_install_packages()] Start checking existence & installing package - pytorch-forecasting==0.10.1 | Progress: ( 3 / 15 total packages ) 
[2024-12-09 09:14:58,978|ALO|MSG|install.py(82)|_install_packages()] [OK] << pytorch-forecasting==0.10.1 >> already exists
[2024-12-09 09:14:58,980|ALO|MSG|install.py(59)|_install_packages()] Start checking existence & installing package - pytorch-lightning==1.6.4 | Progress: ( 4 / 15 total packages ) 
[2024-12-09 09:14:58,983|ALO|MSG|install.py(82)|_install_packages()] [OK] << pytorch-lightning==1.6.4 >> already exists
[2024-12-09 09:14:58,985|ALO|MSG|install.py(59)|_install_packages()] Start checking existence & installing package - lightgbm==3.2.1 | Progress: ( 5 / 15 total packages ) 
[2024-12-09 09:14:58,987|ALO|MSG|install.py(82)|_install_packages()] [OK] << lightgbm==3.2.1 >> already exists
[2024-12-09 09:14:58,989|ALO|MSG|install.py(59)|_install_packages()] Start checking existence & installing package - seaborn==0.11.1 | Progress: ( 6 / 15 total packages ) 
[2024-12-09 09:14:58,992|ALO|MSG|install.py(82)|_install_packages()] [OK] << seaborn==0.11.1 >> already exists
[2024-12-09 09:14:58,994|ALO|MSG|install.py(59)|_install_packages()] Start checking existence & installing package - chart-studio==1.1.0 | Progress: ( 7 / 15 total packages ) 
[2024-12-09 09:14:58,996|ALO|MSG|install.py(82)|_install_packages()] [OK] << chart-studio==1.1.0 >> already exists
[2024-12-09 09:14:58,999|ALO|MSG|install.py(59)|_install_packages()] Start checking existence & installing package - cufflinks==0.17.3 | Progress: ( 8 / 15 total packages ) 
[2024-12-09 09:14:59,001|ALO|MSG|install.py(82)|_install_packages()] [OK] << cufflinks==0.17.3 >> already exists
[2024-12-09 09:14:59,003|ALO|MSG|install.py(59)|_install_packages()] Start checking existence & installing package - kaleido==0.2.1 | Progress: ( 9 / 15 total packages ) 
[2024-12-09 09:14:59,006|ALO|MSG|install.py(82)|_install_packages()] [OK] << kaleido==0.2.1 >> already exists
[2024-12-09 09:14:59,008|ALO|MSG|install.py(59)|_install_packages()] Start checking existence & installing package - SQLAlchemy==1.3.15 | Progress: ( 10 / 15 total packages ) 
[2024-12-09 09:14:59,011|ALO|MSG|install.py(82)|_install_packages()] [OK] << SQLAlchemy==1.3.15 >> already exists
[2024-12-09 09:14:59,013|ALO|MSG|install.py(59)|_install_packages()] Start checking existence & installing package - mysql-connector==2.2.9 | Progress: ( 11 / 15 total packages ) 
[2024-12-09 09:14:59,016|ALO|MSG|install.py(82)|_install_packages()] [OK] << mysql-connector==2.2.9 >> already exists
[2024-12-09 09:14:59,018|ALO|MSG|install.py(59)|_install_packages()] Start checking existence & installing package - pyarrow==9.0.0 | Progress: ( 12 / 15 total packages ) 
[2024-12-09 09:14:59,020|ALO|MSG|install.py(82)|_install_packages()] [OK] << pyarrow==9.0.0 >> already exists
[2024-12-09 09:14:59,023|ALO|MSG|install.py(59)|_install_packages()] Start checking existence & installing package - pymsteams==0.2.2 | Progress: ( 13 / 15 total packages ) 
[2024-12-09 09:14:59,025|ALO|MSG|install.py(82)|_install_packages()] [OK] << pymsteams==0.2.2 >> already exists
[2024-12-09 09:14:59,027|ALO|MSG|install.py(59)|_install_packages()] Start checking existence & installing package - pymysql==1.1.0 | Progress: ( 14 / 15 total packages ) 
[2024-12-09 09:14:59,030|ALO|MSG|install.py(82)|_install_packages()] [OK] << pymysql==1.1.0 >> already exists
[2024-12-09 09:14:59,032|ALO|MSG|install.py(59)|_install_packages()] Start checking existence & installing package - requests==2.25.1 | Progress: ( 15 / 15 total packages ) 
[2024-12-09 09:14:59,035|ALO|WARNING|install.py(94)|_install_packages()] VersionConflict occurs. Start re-installing package << requests==2.25.1 >>. 
 You should check the dependency for the package among assets.
[2024-12-09 09:15:02,804|ALO|MSG|install.py(57)|_install_packages()] ======================================== Start dependency installation : << force-reinstall >> 
[2024-12-09 09:15:02,807|ALO|MSG|install.py(57)|_install_packages()] ======================================== Start dependency installation : << link_install >> 
[2024-12-09 09:15:02,809|ALO|MSG|install.py(102)|_install_packages()] ======================================== Finish dependency installation 

[2024-12-09 09:15:02,812|ALO|INFO|utils.py(77)|_log_process()] 
----------------------------------------------------------------------------------------------------------------------
                                        << SETUP >> train_pipeline finish
----------------------------------------------------------------------------------------------------------------------

[2024-12-09 09:15:02,814|ALO|INFO|utils.py(77)|_log_process()] 
----------------------------------------------------------------------------------------------------------------------
                                        << LOAD >> train_pipeline start
----------------------------------------------------------------------------------------------------------------------

[2024-12-09 09:15:02,816|ALO|WARNING|external.py(275)|external_load_data()] Not allowed to access aws infra. You did not write any << aws_key_profile >> in the experimental_plan.yaml file.
[2024-12-09 09:15:02,860|ALO|MSG|external.py(324)|external_load_data()] Successfuly removed << /home/jovyan/과제/실직속/fcst_simul/fcst_0914/input/train/ >> before loading external data.
[2024-12-09 09:15:02,862|ALO|MSG|external.py(689)|_get_ext_path_type()] << ./solution/sample_data/electronic_train >> may be relative path. The reference folder of relative path is << /home/jovyan/과제/실직속/fcst_simul/fcst_0914/ >>. 
 If this is not appropriate relative path, Loading external data process would raise error.
[2024-12-09 09:15:03,374|ALO|MSG|external.py(669)|_load_data()] Successfully done loading external data: 
 ./solution/sample_data/electronic_train --> /home/jovyan/과제/실직속/fcst_simul/fcst_0914/input/train/
[2024-12-09 09:15:03,376|ALO|MSG|external.py(332)|external_load_data()] Successfuly finish loading << ./solution/sample_data/electronic_train >> into << /home/jovyan/과제/실직속/fcst_simul/fcst_0914/input/ >>
[2024-12-09 09:15:03,378|ALO|INFO|utils.py(77)|_log_process()] 
----------------------------------------------------------------------------------------------------------------------
                                        << LOAD >> train_pipeline finish
----------------------------------------------------------------------------------------------------------------------

[2024-12-09 09:15:03,381|ALO|INFO|utils.py(77)|_log_process()] 
----------------------------------------------------------------------------------------------------------------------
                                        << RUN >> train_pipeline start
----------------------------------------------------------------------------------------------------------------------

[2024-12-09 09:15:03,383|ALO|INFO|utils.py(79)|_log_process()] --------------------     current step: train
[2024-12-09 12:05:09,203|ALO|INFO|utils.py(77)|_log_process()] 
----------------------------------------------------------------------------------------------------------------------
                                        << RUN >> train_pipeline finish
----------------------------------------------------------------------------------------------------------------------

[2024-12-09 12:05:09,206|ALO|INFO|utils.py(77)|_log_process()] 
----------------------------------------------------------------------------------------------------------------------
                                        << SAVE >> train_pipeline start
----------------------------------------------------------------------------------------------------------------------

[2024-12-09 12:05:09,209|ALO|MSG|external.py(439)|external_save_artifacts()] None of external path is written in your experimental_plan.yaml. Skip saving artifacts into external path. 

[2024-12-09 12:05:09,211|ALO|MSG|pipeline.py(249)|save()] Process finish-time: 2024-12-09 12:05:09
[2024-12-09 12:05:13,363|ALO|MSG|artifacts.py(129)|_delete_old_folders()] [backup_history] Current total size is within the limit. No deletion required - (current history size: 987538197.0 B / size limit: 1048576000 B)
[2024-12-09 12:05:14,147|ALO|INFO|utils.py(77)|_log_process()] 
----------------------------------------------------------------------------------------------------------------------
                                        << SAVE >> train_pipeline finish
----------------------------------------------------------------------------------------------------------------------

[2024-12-09 12:05:14,150|ALO|MSG|alo.py(248)|_execute_pipeline()] train_pipeline setup time: 3.927s
[2024-12-09 12:05:14,152|ALO|MSG|alo.py(248)|_execute_pipeline()] train_pipeline load time: 0.567s
[2024-12-09 12:05:14,154|ALO|MSG|alo.py(248)|_execute_pipeline()] train_pipeline run time: 10205.825s
[2024-12-09 12:05:14,156|ALO|MSG|alo.py(248)|_execute_pipeline()] train_pipeline save time: 4.944s
[2024-12-09 12:05:14,158|ALO|MSG|alo.py(248)|_execute_pipeline()] train_pipeline total time: 10215.263s
[2024-12-09 12:05:14,163|ALO|INFO|utils.py(121)|_log_show()] 
===========================================================    < SUMMARY SHOW - ALO >    ===========================================================
- time increment: 0s --- [SHOW|2024-12-09 09:15:10,653|ALO|INFO|asset.py(738)|_run()] train asset start
- time increment: 10198.207s --- [SHOW|2024-12-09 12:05:08,860|ALO|INFO|asset.py(755)|_run()] train asset finish
[2024-12-09 12:05:14,165|ALO|INFO|utils.py(123)|_log_show()] 
===========================================================    < SUMMARY SHOW - USER >    ===========================================================

[2024-12-09 12:05:14,168|ALO|INFO|utils.py(79)|_log_process()] --------------------     Current pipeline: inference_pipeline
[2024-12-09 12:05:14,170|ALO|INFO|utils.py(77)|_log_process()] 
----------------------------------------------------------------------------------------------------------------------
                                        << SETUP >> inference_pipeline start
----------------------------------------------------------------------------------------------------------------------

[2024-12-09 12:05:14,176|ALO|MSG|pipeline.py(792)|_empty_artifacts()] Successfully emptied << /home/jovyan/과제/실직속/fcst_simul/fcst_0914/inference_artifacts/extra_output >> 
[2024-12-09 12:05:14,180|ALO|MSG|pipeline.py(792)|_empty_artifacts()] Successfully emptied << /home/jovyan/과제/실직속/fcst_simul/fcst_0914/inference_artifacts/score >> 
[2024-12-09 12:05:14,185|ALO|MSG|pipeline.py(792)|_empty_artifacts()] Successfully emptied << /home/jovyan/과제/실직속/fcst_simul/fcst_0914/inference_artifacts/output >> 
[2024-12-09 12:05:14,187|ALO|MSG|pipeline.py(865)|_install_asset()] Start setting-up << inference >> asset @ << assets >> directory.
[2024-12-09 12:05:14,190|ALO|MSG|pipeline.py(894)|_install_asset()] << inference >> asset had already been created at 2024-12-06 07:53:41.545690
[2024-12-09 12:05:14,192|ALO|MSG|pipeline.py(865)|_install_asset()] Start setting-up << output >> asset @ << assets >> directory.
[2024-12-09 12:05:14,195|ALO|MSG|pipeline.py(894)|_install_asset()] << output >> asset had already been created at 2024-09-26 13:45:26.766779
[2024-12-09 12:05:14,198|ALO|MSG|install.py(57)|_install_packages()] ======================================== Start dependency installation : << force-reinstall >> 
[2024-12-09 12:05:14,201|ALO|MSG|install.py(57)|_install_packages()] ======================================== Start dependency installation : << link_install >> 
[2024-12-09 12:05:14,203|ALO|MSG|install.py(102)|_install_packages()] ======================================== Finish dependency installation 

[2024-12-09 12:05:14,207|ALO|INFO|utils.py(77)|_log_process()] 
----------------------------------------------------------------------------------------------------------------------
                                        << SETUP >> inference_pipeline finish
----------------------------------------------------------------------------------------------------------------------

[2024-12-09 12:05:14,209|ALO|INFO|utils.py(77)|_log_process()] 
----------------------------------------------------------------------------------------------------------------------
                                        << LOAD >> inference_pipeline start
----------------------------------------------------------------------------------------------------------------------

[2024-12-09 12:05:14,212|ALO|WARNING|external.py(275)|external_load_data()] Not allowed to access aws infra. You did not write any << aws_key_profile >> in the experimental_plan.yaml file.
[2024-12-09 12:05:14,217|ALO|MSG|external.py(324)|external_load_data()] Successfuly removed << /home/jovyan/과제/실직속/fcst_simul/fcst_0914/input/inference/ >> before loading external data.
[2024-12-09 12:05:14,219|ALO|MSG|external.py(689)|_get_ext_path_type()] << ./solution/sample_data/electronic_test/ >> may be relative path. The reference folder of relative path is << /home/jovyan/과제/실직속/fcst_simul/fcst_0914/ >>. 
 If this is not appropriate relative path, Loading external data process would raise error.
[2024-12-09 12:05:14,339|ALO|MSG|external.py(669)|_load_data()] Successfully done loading external data: 
 ./solution/sample_data/electronic_test/ --> /home/jovyan/과제/실직속/fcst_simul/fcst_0914/input/inference/
[2024-12-09 12:05:14,341|ALO|MSG|external.py(332)|external_load_data()] Successfuly finish loading << ./solution/sample_data/electronic_test/ >> into << /home/jovyan/과제/실직속/fcst_simul/fcst_0914/input/ >>
[2024-12-09 12:05:14,344|ALO|INFO|utils.py(77)|_log_process()] 
----------------------------------------------------------------------------------------------------------------------
                                        << LOAD >> inference_pipeline finish
----------------------------------------------------------------------------------------------------------------------

[2024-12-09 12:05:14,346|ALO|INFO|utils.py(77)|_log_process()] 
----------------------------------------------------------------------------------------------------------------------
                                        << RUN >> inference_pipeline start
----------------------------------------------------------------------------------------------------------------------

[2024-12-09 12:05:14,348|ALO|INFO|utils.py(79)|_log_process()] --------------------     current step: inference
[2024-12-09 12:05:19,586|ALO|INFO|utils.py(79)|_log_process()] --------------------     current step: output
[2024-12-09 12:05:23,727|ALO|INFO|utils.py(77)|_log_process()] 
----------------------------------------------------------------------------------------------------------------------
                                        << RUN >> inference_pipeline finish
----------------------------------------------------------------------------------------------------------------------

[2024-12-09 12:05:23,729|ALO|INFO|utils.py(77)|_log_process()] 
----------------------------------------------------------------------------------------------------------------------
                                        << SAVE >> inference_pipeline start
----------------------------------------------------------------------------------------------------------------------

[2024-12-09 12:05:23,732|ALO|MSG|pipeline.py(499)|_check_output()] [Success] << inference_summary.yaml >> exists in the inference score path: << /home/jovyan/과제/실직속/fcst_simul/fcst_0914/inference_artifacts/score/ >>
[2024-12-09 12:05:23,735|ALO|MSG|external.py(439)|external_save_artifacts()] None of external path is written in your experimental_plan.yaml. Skip saving artifacts into external path. 

[2024-12-09 12:05:23,738|ALO|MSG|pipeline.py(249)|save()] Process finish-time: 2024-12-09 12:05:23
[2024-12-09 12:05:24,421|ALO|MSG|artifacts.py(129)|_delete_old_folders()] [backup_history] Current total size is within the limit. No deletion required - (current history size: 1020724739.0 B / size limit: 1048576000 B)
[2024-12-09 12:05:25,107|ALO|INFO|utils.py(77)|_log_process()] 
----------------------------------------------------------------------------------------------------------------------
                                        << SAVE >> inference_pipeline finish
----------------------------------------------------------------------------------------------------------------------

[2024-12-09 12:05:25,109|ALO|MSG|alo.py(248)|_execute_pipeline()] inference_pipeline setup time: 0.039s
[2024-12-09 12:05:25,112|ALO|MSG|alo.py(248)|_execute_pipeline()] inference_pipeline load time: 0.137s
[2024-12-09 12:05:25,114|ALO|MSG|alo.py(248)|_execute_pipeline()] inference_pipeline run time: 9.383s
[2024-12-09 12:05:25,116|ALO|MSG|alo.py(248)|_execute_pipeline()] inference_pipeline save time: 1.38s
[2024-12-09 12:05:25,118|ALO|MSG|alo.py(248)|_execute_pipeline()] inference_pipeline total time: 10.939s
[2024-12-09 12:05:25,121|ALO|INFO|utils.py(121)|_log_show()] 
===========================================================    < SUMMARY SHOW - ALO >    ===========================================================
- time increment: 0s --- [SHOW|2024-12-09 12:05:14,396|ALO|INFO|asset.py(738)|_run()] inference asset start
- time increment: 5.186s --- [SHOW|2024-12-09 12:05:19,582|ALO|INFO|asset.py(755)|_run()] inference asset finish
- time increment: 0.13s --- [SHOW|2024-12-09 12:05:19,712|ALO|INFO|asset.py(738)|_run()] output asset start
- time increment: 3.856s --- [SHOW|2024-12-09 12:05:23,568|ALO|INFO|asset.py(755)|_run()] output asset finish
[2024-12-09 12:05:25,123|ALO|INFO|utils.py(123)|_log_show()] 
===========================================================    < SUMMARY SHOW - USER >    ===========================================================

